<?xml version="1.0" encoding="UTF-8"?>
<coverage generated="1770119323967" clover="3.2.0">
  <project timestamp="1770119323968" name="All files">
    <metrics statements="940" coveredstatements="772" conditionals="740" coveredconditionals="575" methods="295" coveredmethods="222" elements="1975" coveredelements="1569" complexity="0" loc="940" ncloc="940" packages="12" files="42" classes="42"/>
    <package name="src.components">
      <metrics statements="153" coveredstatements="130" conditionals="141" coveredconditionals="119" methods="53" coveredmethods="42"/>
      <file name="CharacterForm.tsx" path="/workspaces/spec-kit-lab/frontend/src/components/CharacterForm.tsx">
        <metrics statements="70" coveredstatements="56" conditionals="73" coveredconditionals="60" methods="16" coveredmethods="13"/>
        <line num="59" count="3" type="stmt"/>
        <line num="65" count="289" type="stmt"/>
        <line num="66" count="289" type="stmt"/>
        <line num="67" count="289" type="stmt"/>
        <line num="70" count="289" type="stmt"/>
        <line num="73" count="289" type="stmt"/>
        <line num="74" count="289" type="stmt"/>
        <line num="75" count="289" type="stmt"/>
        <line num="77" count="289" type="stmt"/>
        <line num="80" count="289" type="stmt"/>
        <line num="81" count="68" type="cond" truecount="2" falsecount="0"/>
        <line num="83" count="55" type="stmt"/>
        <line num="85" count="275" type="stmt"/>
        <line num="87" count="275" type="cond" truecount="2" falsecount="0"/>
        <line num="88" count="275" type="cond" truecount="2" falsecount="0"/>
        <line num="89" count="275" type="stmt"/>
        <line num="91" count="55" type="stmt"/>
        <line num="99" count="289" type="stmt"/>
        <line num="100" count="14" type="stmt"/>
        <line num="103" count="14" type="cond" truecount="2" falsecount="0"/>
        <line num="104" count="2" type="stmt"/>
        <line num="105" count="12" type="cond" truecount="1" falsecount="1"/>
        <line num="106" count="0" type="stmt"/>
        <line num="110" count="14" type="stmt"/>
        <line num="112" count="70" type="stmt"/>
        <line num="113" count="70" type="cond" truecount="3" falsecount="1"/>
        <line num="114" count="0" type="stmt"/>
        <line num="120" count="14" type="cond" truecount="3" falsecount="1"/>
        <line num="121" count="0" type="stmt"/>
        <line num="124" count="14" type="cond" truecount="4" falsecount="0"/>
        <line num="125" count="2" type="stmt"/>
        <line num="129" count="14" type="stmt"/>
        <line num="130" count="14" type="stmt"/>
        <line num="136" count="289" type="stmt"/>
        <line num="137" count="14" type="stmt"/>
        <line num="139" count="14" type="cond" truecount="2" falsecount="0"/>
        <line num="140" count="4" type="stmt"/>
        <line num="143" count="10" type="stmt"/>
        <line num="144" count="10" type="stmt"/>
        <line num="145" count="10" type="stmt"/>
        <line num="147" count="0" type="stmt"/>
        <line num="150" count="9" type="stmt"/>
        <line num="158" count="289" type="stmt"/>
        <line num="159" count="6" type="cond" truecount="3" falsecount="1"/>
        <line num="160" count="0" type="stmt"/>
        <line num="163" count="6" type="cond" truecount="2" falsecount="0"/>
        <line num="165" count="6" type="cond" truecount="1" falsecount="1"/>
        <line num="166" count="0" type="stmt"/>
        <line num="167" count="0" type="stmt"/>
        <line num="169" count="6" type="stmt"/>
        <line num="176" count="289" type="stmt"/>
        <line num="177" count="0" type="cond" truecount="0" falsecount="2"/>
        <line num="178" count="0" type="stmt"/>
        <line num="180" count="0" type="stmt"/>
        <line num="181" count="0" type="stmt"/>
        <line num="187" count="289" type="stmt"/>
        <line num="188" count="6" type="stmt"/>
        <line num="189" count="6" type="stmt"/>
        <line num="191" count="6" type="stmt"/>
        <line num="222" count="289" type="stmt"/>
        <line num="223" count="22" type="stmt"/>
        <line num="229" count="289" type="stmt"/>
        <line num="230" count="7" type="stmt"/>
        <line num="231" count="7" type="stmt"/>
        <line num="234" count="289" type="stmt"/>
        <line num="270" count="137" type="stmt"/>
        <line num="310" count="0" type="stmt"/>
        <line num="328" count="6" type="stmt"/>
        <line num="413" count="0" type="stmt"/>
        <line num="414" count="0" type="stmt"/>
      </file>
      <file name="CharacterSelector.tsx" path="/workspaces/spec-kit-lab/frontend/src/components/CharacterSelector.tsx">
        <metrics statements="38" coveredstatements="37" conditionals="37" coveredconditionals="34" methods="14" coveredmethods="13"/>
        <line num="54" count="2" type="stmt"/>
        <line num="63" count="40" type="stmt"/>
        <line num="66" count="40" type="stmt"/>
        <line num="69" count="40" type="stmt"/>
        <line num="70" count="40" type="stmt"/>
        <line num="73" count="40" type="cond" truecount="2" falsecount="0"/>
        <line num="74" count="9" type="stmt"/>
        <line num="76" count="40" type="cond" truecount="2" falsecount="0"/>
        <line num="77" count="5" type="stmt"/>
        <line num="81" count="40" type="stmt"/>
        <line num="82" count="4" type="stmt"/>
        <line num="86" count="40" type="stmt"/>
        <line num="87" count="5" type="stmt"/>
        <line num="91" count="40" type="stmt"/>
        <line num="92" count="2" type="stmt"/>
        <line num="96" count="40" type="stmt"/>
        <line num="97" count="3" type="cond" truecount="1" falsecount="1"/>
        <line num="98" count="3" type="stmt"/>
        <line num="102" count="40" type="stmt"/>
        <line num="103" count="1" type="cond" truecount="1" falsecount="1"/>
        <line num="105" count="1" type="stmt"/>
        <line num="106" count="1" type="stmt"/>
        <line num="107" count="1" type="stmt"/>
        <line num="110" count="1" type="stmt"/>
        <line num="115" count="40" type="stmt"/>
        <line num="116" count="1" type="stmt"/>
        <line num="120" count="40" type="cond" truecount="2" falsecount="0"/>
        <line num="121" count="2" type="stmt"/>
        <line num="126" count="6" type="stmt"/>
        <line num="139" count="38" type="cond" truecount="2" falsecount="0"/>
        <line num="140" count="2" type="stmt"/>
        <line num="160" count="36" type="cond" truecount="2" falsecount="0"/>
        <line num="161" count="4" type="stmt"/>
        <line num="184" count="32" type="stmt"/>
        <line num="211" count="96" type="stmt"/>
        <line num="216" count="4" type="stmt"/>
        <line num="217" count="5" type="stmt"/>
        <line num="249" count="0" type="stmt"/>
      </file>
      <file name="CharacterSheet.tsx" path="/workspaces/spec-kit-lab/frontend/src/components/CharacterSheet.tsx">
        <metrics statements="6" coveredstatements="5" conditionals="5" coveredconditionals="4" methods="2" coveredmethods="1"/>
        <line num="51" count="1" type="stmt"/>
        <line num="57" count="12" type="stmt"/>
        <line num="58" count="12" type="stmt"/>
        <line num="59" count="12" type="stmt"/>
        <line num="61" count="12" type="stmt"/>
        <line num="128" count="0" type="stmt"/>
      </file>
      <file name="ConfirmDialog.tsx" path="/workspaces/spec-kit-lab/frontend/src/components/ConfirmDialog.tsx">
        <metrics statements="15" coveredstatements="14" conditionals="15" coveredconditionals="12" methods="6" coveredmethods="6"/>
        <line num="31" count="53" type="stmt"/>
        <line num="32" count="53" type="stmt"/>
        <line num="33" count="53" type="stmt"/>
        <line num="36" count="53" type="stmt"/>
        <line num="37" count="53" type="cond" truecount="2" falsecount="0"/>
        <line num="38" count="5" type="stmt"/>
        <line num="43" count="53" type="stmt"/>
        <line num="44" count="53" type="stmt"/>
        <line num="45" count="33" type="cond" truecount="2" falsecount="2"/>
        <line num="46" count="0" type="stmt"/>
        <line num="50" count="53" type="stmt"/>
        <line num="51" count="53" type="stmt"/>
        <line num="54" count="53" type="cond" truecount="2" falsecount="0"/>
        <line num="56" count="5" type="stmt"/>
        <line num="68" count="3" type="stmt"/>
      </file>
      <file name="LoadingSkeleton.tsx" path="/workspaces/spec-kit-lab/frontend/src/components/LoadingSkeleton.tsx">
        <metrics statements="6" coveredstatements="3" conditionals="7" coveredconditionals="5" methods="2" coveredmethods="1"/>
        <line num="18" count="1" type="cond" truecount="1" falsecount="1"/>
        <line num="19" count="0" type="stmt"/>
        <line num="22" count="0" type="stmt"/>
        <line num="42" count="1" type="cond" truecount="1" falsecount="1"/>
        <line num="43" count="0" type="stmt"/>
        <line num="51" count="1" type="stmt"/>
      </file>
      <file name="ToastContainer.tsx" path="/workspaces/spec-kit-lab/frontend/src/components/ToastContainer.tsx">
        <metrics statements="18" coveredstatements="15" conditionals="4" coveredconditionals="4" methods="13" coveredmethods="8"/>
        <line num="41" count="5" type="stmt"/>
        <line num="42" count="5" type="stmt"/>
        <line num="43" count="0" type="stmt"/>
        <line num="46" count="5" type="stmt"/>
        <line num="49" count="5" type="stmt"/>
        <line num="56" count="5" type="stmt"/>
        <line num="63" count="5" type="stmt"/>
        <line num="72" count="0" type="stmt"/>
        <line num="114" count="32" type="cond" truecount="2" falsecount="0"/>
        <line num="116" count="5" type="stmt"/>
        <line num="123" count="5" type="stmt"/>
        <line num="148" count="34" type="stmt"/>
        <line num="150" count="34" type="stmt"/>
        <line num="155" count="5" type="stmt"/>
        <line num="156" count="5" type="stmt"/>
        <line num="159" count="34" type="stmt"/>
        <line num="160" count="0" type="stmt"/>
        <line num="163" count="34" type="stmt"/>
      </file>
    </package>
    <package name="src.components.CharacterForm">
      <metrics statements="38" coveredstatements="38" conditionals="63" coveredconditionals="51" methods="13" coveredmethods="13"/>
      <file name="AttributeInput.tsx" path="/workspaces/spec-kit-lab/frontend/src/components/CharacterForm/AttributeInput.tsx">
        <metrics statements="15" coveredstatements="15" conditionals="25" coveredconditionals="18" methods="4" coveredmethods="4"/>
        <line num="58" count="3" type="stmt"/>
        <line num="60" count="1220" type="stmt"/>
        <line num="61" count="1220" type="stmt"/>
        <line num="62" count="1220" type="stmt"/>
        <line num="64" count="1220" type="stmt"/>
        <line num="65" count="2" type="cond" truecount="1" falsecount="1"/>
        <line num="66" count="2" type="stmt"/>
        <line num="70" count="1220" type="stmt"/>
        <line num="71" count="2" type="cond" truecount="1" falsecount="1"/>
        <line num="72" count="2" type="stmt"/>
        <line num="76" count="1220" type="stmt"/>
        <line num="77" count="27" type="stmt"/>
        <line num="78" count="27" type="cond" truecount="2" falsecount="0"/>
        <line num="79" count="18" type="stmt"/>
        <line num="83" count="1220" type="stmt"/>
      </file>
      <file name="DiceRollMode.tsx" path="/workspaces/spec-kit-lab/frontend/src/components/CharacterForm/DiceRollMode.tsx">
        <metrics statements="13" coveredstatements="13" conditionals="20" coveredconditionals="19" methods="5" coveredmethods="5"/>
        <line num="34" count="3" type="stmt"/>
        <line num="53" count="3" type="stmt"/>
        <line num="58" count="34" type="stmt"/>
        <line num="60" count="34" type="stmt"/>
        <line num="88" count="165" type="stmt"/>
        <line num="114" count="3" type="stmt"/>
        <line num="121" count="180" type="stmt"/>
        <line num="122" count="180" type="cond" truecount="2" falsecount="0"/>
        <line num="124" count="180" type="stmt"/>
        <line num="125" count="7" type="stmt"/>
        <line num="126" count="7" type="stmt"/>
        <line num="129" count="180" type="stmt"/>
        <line num="165" count="132" type="stmt"/>
      </file>
      <file name="ModifierDisplay.tsx" path="/workspaces/spec-kit-lab/frontend/src/components/CharacterForm/ModifierDisplay.tsx">
        <metrics statements="4" coveredstatements="4" conditionals="6" coveredconditionals="6" methods="1" coveredmethods="1"/>
        <line num="25" count="3" type="stmt"/>
        <line num="31" count="33" type="stmt"/>
        <line num="38" count="33" type="cond" truecount="2" falsecount="0"/>
        <line num="44" count="33" type="stmt"/>
      </file>
      <file name="PointBuyMode.tsx" path="/workspaces/spec-kit-lab/frontend/src/components/CharacterForm/PointBuyMode.tsx">
        <metrics statements="6" coveredstatements="6" conditionals="12" coveredconditionals="8" methods="3" coveredmethods="3"/>
        <line num="40" count="3" type="stmt"/>
        <line num="59" count="3" type="stmt"/>
        <line num="65" count="244" type="stmt"/>
        <line num="67" count="244" type="stmt"/>
        <line num="110" count="1220" type="stmt"/>
        <line num="115" count="22" type="stmt"/>
      </file>
    </package>
    <package name="src.components.CharacterList">
      <metrics statements="30" coveredstatements="25" conditionals="13" coveredconditionals="12" methods="12" coveredmethods="9"/>
      <file name="CharacterList.tsx" path="/workspaces/spec-kit-lab/frontend/src/components/CharacterList/CharacterList.tsx">
        <metrics statements="16" coveredstatements="13" conditionals="11" coveredconditionals="10" methods="7" coveredmethods="5"/>
        <line num="34" count="2" type="stmt"/>
        <line num="39" count="59" type="stmt"/>
        <line num="41" count="59" type="stmt"/>
        <line num="42" count="59" type="cond" truecount="2" falsecount="0"/>
        <line num="43" count="37" type="stmt"/>
        <line num="44" count="37" type="stmt"/>
        <line num="45" count="104" type="stmt"/>
        <line num="49" count="59" type="cond" truecount="1" falsecount="1"/>
        <line num="50" count="0" type="stmt"/>
        <line num="53" count="0" type="stmt"/>
        <line num="59" count="59" type="cond" truecount="2" falsecount="0"/>
        <line num="60" count="2" type="stmt"/>
        <line num="72" count="57" type="stmt"/>
        <line num="80" count="39" type="stmt"/>
        <line num="85" count="0" type="stmt"/>
        <line num="97" count="87" type="stmt"/>
      </file>
      <file name="CharacterListItem.tsx" path="/workspaces/spec-kit-lab/frontend/src/components/CharacterList/CharacterListItem.tsx">
        <metrics statements="14" coveredstatements="12" conditionals="2" coveredconditionals="2" methods="5" coveredmethods="4"/>
        <line num="11" count="1" type="stmt"/>
        <line num="13" count="50" type="stmt"/>
        <line num="15" count="50" type="stmt"/>
        <line num="16" count="2" type="stmt"/>
        <line num="19" count="50" type="stmt"/>
        <line num="20" count="0" type="stmt"/>
        <line num="21" count="0" type="stmt"/>
        <line num="24" count="50" type="stmt"/>
        <line num="25" count="1" type="stmt"/>
        <line num="29" count="50" type="stmt"/>
        <line num="30" count="50" type="stmt"/>
        <line num="31" count="50" type="stmt"/>
        <line num="32" count="250" type="cond" truecount="2" falsecount="0"/>
        <line num="36" count="50" type="stmt"/>
      </file>
      <file name="index.ts" path="/workspaces/spec-kit-lab/frontend/src/components/CharacterList/index.ts">
        <metrics statements="0" coveredstatements="0" conditionals="0" coveredconditionals="0" methods="0" coveredmethods="0"/>
      </file>
    </package>
    <package name="src.components.CharacterSelector">
      <metrics statements="40" coveredstatements="37" conditionals="38" coveredconditionals="27" methods="18" coveredmethods="18"/>
      <file name="CharacterPreviewCard.tsx" path="/workspaces/spec-kit-lab/frontend/src/components/CharacterSelector/CharacterPreviewCard.tsx">
        <metrics statements="18" coveredstatements="16" conditionals="24" coveredconditionals="21" methods="9" coveredmethods="9"/>
        <line num="40" count="2" type="stmt"/>
        <line num="49" count="93" type="stmt"/>
        <line num="50" count="93" type="stmt"/>
        <line num="53" count="465" type="stmt"/>
        <line num="54" count="744" type="stmt"/>
        <line num="59" count="93" type="stmt"/>
        <line num="60" count="93" type="stmt"/>
        <line num="61" count="93" type="stmt"/>
        <line num="68" count="93" type="stmt"/>
        <line num="70" count="93" type="stmt"/>
        <line num="87" count="3" type="cond" truecount="4" falsecount="1"/>
        <line num="88" count="0" type="stmt"/>
        <line num="89" count="0" type="stmt"/>
        <line num="111" count="279" type="stmt"/>
        <line num="126" count="5" type="stmt"/>
        <line num="127" count="5" type="stmt"/>
        <line num="140" count="4" type="stmt"/>
        <line num="141" count="4" type="stmt"/>
      </file>
      <file name="CharacterPreviewModal.tsx" path="/workspaces/spec-kit-lab/frontend/src/components/CharacterSelector/CharacterPreviewModal.tsx">
        <metrics statements="22" coveredstatements="21" conditionals="14" coveredconditionals="6" methods="9" coveredmethods="9"/>
        <line num="37" count="2" type="stmt"/>
        <line num="43" count="5" type="stmt"/>
        <line num="44" count="5" type="cond" truecount="1" falsecount="1"/>
        <line num="46" count="5" type="stmt"/>
        <line num="47" count="1" type="cond" truecount="1" falsecount="1"/>
        <line num="48" count="1" type="stmt"/>
        <line num="52" count="5" type="stmt"/>
        <line num="53" count="5" type="stmt"/>
        <line num="57" count="5" type="stmt"/>
        <line num="58" count="5" type="cond" truecount="1" falsecount="1"/>
        <line num="59" count="5" type="stmt"/>
        <line num="61" count="0" type="stmt"/>
        <line num="64" count="5" type="stmt"/>
        <line num="65" count="5" type="stmt"/>
        <line num="69" count="5" type="cond" truecount="1" falsecount="1"/>
        <line num="72" count="5" type="stmt"/>
        <line num="73" count="15" type="stmt"/>
        <line num="74" count="15" type="stmt"/>
        <line num="83" count="5" type="stmt"/>
        <line num="85" count="5" type="stmt"/>
        <line num="132" count="25" type="stmt"/>
        <line num="221" count="25" type="stmt"/>
      </file>
    </package>
    <package name="src.components.CharacterSheet">
      <metrics statements="7" coveredstatements="7" conditionals="5" coveredconditionals="5" methods="3" coveredmethods="3"/>
      <file name="AttributeSection.tsx" path="/workspaces/spec-kit-lab/frontend/src/components/CharacterSheet/AttributeSection.tsx">
        <metrics statements="7" coveredstatements="7" conditionals="5" coveredconditionals="5" methods="3" coveredmethods="3"/>
        <line num="17" count="1" type="stmt"/>
        <line num="43" count="1" type="stmt"/>
        <line num="48" count="12" type="stmt"/>
        <line num="55" count="60" type="stmt"/>
        <line num="80" count="1" type="stmt"/>
        <line num="89" count="60" type="cond" truecount="2" falsecount="0"/>
        <line num="95" count="60" type="stmt"/>
      </file>
    </package>
    <package name="src.components.quest-tracking">
      <metrics statements="197" coveredstatements="176" conditionals="216" coveredconditionals="183" methods="55" coveredmethods="45"/>
      <file name="ActiveQuestsList.tsx" path="/workspaces/spec-kit-lab/frontend/src/components/quest-tracking/ActiveQuestsList.tsx">
        <metrics statements="22" coveredstatements="12" conditionals="14" coveredconditionals="7" methods="9" coveredmethods="2"/>
        <line num="68" count="1" type="stmt"/>
        <line num="74" count="17" type="stmt"/>
        <line num="75" count="17" type="stmt"/>
        <line num="92" count="17" type="stmt"/>
        <line num="96" count="17" type="stmt"/>
        <line num="97" count="5" type="stmt"/>
        <line num="101" count="17" type="cond" truecount="1" falsecount="1"/>
        <line num="102" count="0" type="stmt"/>
        <line num="106" count="17" type="stmt"/>
        <line num="109" count="0" type="stmt"/>
        <line num="113" count="17" type="stmt"/>
        <line num="114" count="0" type="stmt"/>
        <line num="115" count="0" type="stmt"/>
        <line num="119" count="17" type="stmt"/>
        <line num="120" count="0" type="stmt"/>
        <line num="125" count="17" type="stmt"/>
        <line num="127" count="0" type="stmt"/>
        <line num="129" count="0" type="stmt"/>
        <line num="134" count="17" type="stmt"/>
        <line num="154" count="0" type="stmt"/>
        <line num="192" count="0" type="cond" truecount="0" falsecount="2"/>
        <line num="193" count="0" type="stmt"/>
      </file>
      <file name="CompletedQuests.tsx" path="/workspaces/spec-kit-lab/frontend/src/components/quest-tracking/CompletedQuests.tsx">
        <metrics statements="34" coveredstatements="33" conditionals="39" coveredconditionals="35" methods="7" coveredmethods="7"/>
        <line num="62" count="248" type="cond" truecount="2" falsecount="0"/>
        <line num="63" count="2" type="stmt"/>
        <line num="66" count="246" type="stmt"/>
        <line num="69" count="246" type="stmt"/>
        <line num="76" count="246" type="stmt"/>
        <line num="82" count="246" type="stmt"/>
        <line num="89" count="798" type="cond" truecount="4" falsecount="0"/>
        <line num="90" count="668" type="stmt"/>
        <line num="92" count="130" type="cond" truecount="4" falsecount="0"/>
        <line num="93" count="128" type="stmt"/>
        <line num="95" count="2" type="cond" truecount="2" falsecount="2"/>
        <line num="96" count="0" type="stmt"/>
        <line num="98" count="2" type="stmt"/>
        <line num="129" count="2" type="stmt"/>
        <line num="138" count="64" type="stmt"/>
        <line num="139" count="61" type="stmt"/>
        <line num="140" count="61" type="stmt"/>
        <line num="141" count="275" type="cond" truecount="1" falsecount="1"/>
        <line num="142" count="275" type="cond" truecount="1" falsecount="1"/>
        <line num="143" count="275" type="stmt"/>
        <line num="145" count="61" type="stmt"/>
        <line num="149" count="64" type="cond" truecount="2" falsecount="0"/>
        <line num="150" count="18" type="stmt"/>
        <line num="161" count="46" type="cond" truecount="2" falsecount="0"/>
        <line num="162" count="5" type="stmt"/>
        <line num="182" count="41" type="cond" truecount="2" falsecount="0"/>
        <line num="183" count="4" type="stmt"/>
        <line num="196" count="37" type="cond" truecount="2" falsecount="0"/>
        <line num="198" count="64" type="stmt"/>
        <line num="212" count="248" type="stmt"/>
        <line num="213" count="248" type="stmt"/>
        <line num="215" count="248" type="stmt"/>
        <line num="218" count="5" type="cond" truecount="2" falsecount="0"/>
        <line num="275" count="2" type="stmt"/>
      </file>
      <file name="CompletedQuestsHistory.tsx" path="/workspaces/spec-kit-lab/frontend/src/components/quest-tracking/CompletedQuestsHistory.tsx">
        <metrics statements="22" coveredstatements="21" conditionals="18" coveredconditionals="16" methods="9" coveredmethods="8"/>
        <line num="67" count="1" type="stmt"/>
        <line num="73" count="38" type="stmt"/>
        <line num="74" count="38" type="stmt"/>
        <line num="84" count="38" type="stmt"/>
        <line num="86" count="17" type="stmt"/>
        <line num="92" count="38" type="stmt"/>
        <line num="93" count="29" type="cond" truecount="2" falsecount="0"/>
        <line num="94" count="13" type="stmt"/>
        <line num="96" count="34" type="cond" truecount="2" falsecount="1"/>
        <line num="107" count="38" type="stmt"/>
        <line num="110" count="3" type="stmt"/>
        <line num="120" count="38" type="cond" truecount="2" falsecount="0"/>
        <line num="122" count="18" type="stmt"/>
        <line num="127" count="38" type="stmt"/>
        <line num="128" count="1" type="stmt"/>
        <line num="132" count="38" type="stmt"/>
        <line num="133" count="3" type="stmt"/>
        <line num="134" count="3" type="stmt"/>
        <line num="138" count="38" type="stmt"/>
        <line num="139" count="0" type="stmt"/>
        <line num="144" count="38" type="cond" truecount="2" falsecount="0"/>
        <line num="150" count="38" type="stmt"/>
      </file>
      <file name="ObjectiveItem.tsx" path="/workspaces/spec-kit-lab/frontend/src/components/quest-tracking/ObjectiveItem.tsx">
        <metrics statements="7" coveredstatements="7" conditionals="6" coveredconditionals="6" methods="2" coveredmethods="2"/>
        <line num="30" count="5" type="stmt"/>
        <line num="34" count="168" type="stmt"/>
        <line num="40" count="5" type="stmt"/>
        <line num="42" count="168" type="stmt"/>
        <line num="48" count="168" type="cond" truecount="2" falsecount="0"/>
        <line num="52" count="168" type="stmt"/>
        <line num="118" count="5" type="stmt"/>
      </file>
      <file name="ProgressBar.tsx" path="/workspaces/spec-kit-lab/frontend/src/components/quest-tracking/ProgressBar.tsx">
        <metrics statements="10" coveredstatements="10" conditionals="14" coveredconditionals="14" methods="2" coveredmethods="2"/>
        <line num="47" count="8" type="stmt"/>
        <line num="56" count="333" type="stmt"/>
        <line num="59" count="333" type="stmt"/>
        <line num="60" count="333" type="cond" truecount="2" falsecount="0"/>
        <line num="61" count="298" type="cond" truecount="2" falsecount="0"/>
        <line num="62" count="102" type="stmt"/>
        <line num="65" count="333" type="stmt"/>
        <line num="69" count="333" type="cond" truecount="2" falsecount="0"/>
        <line num="72" count="333" type="stmt"/>
        <line num="106" count="8" type="stmt"/>
      </file>
      <file name="QuestDetail.tsx" path="/workspaces/spec-kit-lab/frontend/src/components/quest-tracking/QuestDetail.tsx">
        <metrics statements="27" coveredstatements="24" conditionals="56" coveredconditionals="41" methods="7" coveredmethods="6"/>
        <line num="53" count="4" type="stmt"/>
        <line num="54" count="53" type="stmt"/>
        <line num="55" count="53" type="stmt"/>
        <line num="56" count="53" type="stmt"/>
        <line num="64" count="0" type="stmt"/>
        <line num="71" count="4" type="stmt"/>
        <line num="77" count="101" type="stmt"/>
        <line num="80" count="101" type="stmt"/>
        <line num="81" count="71" type="cond" truecount="2" falsecount="0"/>
        <line num="83" count="48" type="stmt"/>
        <line num="84" count="2" type="cond" truecount="1" falsecount="1"/>
        <line num="85" count="2" type="stmt"/>
        <line num="89" count="48" type="stmt"/>
        <line num="90" count="48" type="stmt"/>
        <line num="94" count="101" type="stmt"/>
        <line num="95" count="0" type="cond" truecount="0" falsecount="2"/>
        <line num="96" count="0" type="stmt"/>
        <line num="101" count="101" type="cond" truecount="4" falsecount="0"/>
        <line num="102" count="55" type="stmt"/>
        <line num="105" count="46" type="stmt"/>
        <line num="106" count="46" type="stmt"/>
        <line num="107" count="46" type="stmt"/>
        <line num="108" count="46" type="stmt"/>
        <line num="109" count="46" type="stmt"/>
        <line num="110" count="46" type="cond" truecount="3" falsecount="0"/>
        <line num="112" count="101" type="stmt"/>
        <line num="288" count="98" type="stmt"/>
      </file>
      <file name="QuestFilter.tsx" path="/workspaces/spec-kit-lab/frontend/src/components/quest-tracking/QuestFilter.tsx">
        <metrics statements="14" coveredstatements="13" conditionals="12" coveredconditionals="12" methods="6" coveredmethods="5"/>
        <line num="65" count="2" type="stmt"/>
        <line num="67" count="41" type="stmt"/>
        <line num="73" count="41" type="stmt"/>
        <line num="75" count="10" type="stmt"/>
        <line num="76" count="10" type="cond" truecount="2" falsecount="0"/>
        <line num="77" count="4" type="stmt"/>
        <line num="80" count="10" type="stmt"/>
        <line num="88" count="41" type="stmt"/>
        <line num="96" count="123" type="stmt"/>
        <line num="97" count="123" type="stmt"/>
        <line num="99" count="123" type="stmt"/>
        <line num="106" count="10" type="stmt"/>
        <line num="144" count="0" type="stmt"/>
        <line num="160" count="2" type="stmt"/>
      </file>
      <file name="QuestList.tsx" path="/workspaces/spec-kit-lab/frontend/src/components/quest-tracking/QuestList.tsx">
        <metrics statements="20" coveredstatements="20" conditionals="26" coveredconditionals="26" methods="5" coveredmethods="5"/>
        <line num="87" count="2" type="stmt"/>
        <line num="98" count="48" type="stmt"/>
        <line num="99" count="48" type="cond" truecount="2" falsecount="0"/>
        <line num="100" count="1" type="stmt"/>
        <line num="102" count="47" type="cond" truecount="2" falsecount="0"/>
        <line num="103" count="45" type="stmt"/>
        <line num="105" count="2" type="stmt"/>
        <line num="108" count="48" type="stmt"/>
        <line num="111" count="48" type="cond" truecount="2" falsecount="0"/>
        <line num="112" count="14" type="stmt"/>
        <line num="123" count="34" type="cond" truecount="2" falsecount="0"/>
        <line num="124" count="3" type="stmt"/>
        <line num="143" count="31" type="cond" truecount="2" falsecount="0"/>
        <line num="144" count="4" type="stmt"/>
        <line num="158" count="27" type="cond" truecount="2" falsecount="0"/>
        <line num="160" count="48" type="stmt"/>
        <line num="179" count="50" type="stmt"/>
        <line num="182" count="1" type="stmt"/>
        <line num="185" count="1" type="stmt"/>
        <line num="197" count="2" type="stmt"/>
      </file>
      <file name="QuestListItem.tsx" path="/workspaces/spec-kit-lab/frontend/src/components/quest-tracking/QuestListItem.tsx">
        <metrics statements="19" coveredstatements="16" conditionals="12" coveredconditionals="9" methods="4" coveredmethods="4"/>
        <line num="62" count="3" type="stmt"/>
        <line num="65" count="66" type="stmt"/>
        <line num="72" count="66" type="cond" truecount="2" falsecount="3"/>
        <line num="74" count="58" type="stmt"/>
        <line num="80" count="8" type="stmt"/>
        <line num="86" count="0" type="stmt"/>
        <line num="92" count="0" type="stmt"/>
        <line num="98" count="0" type="stmt"/>
        <line num="106" count="66" type="stmt"/>
        <line num="109" count="66" type="stmt"/>
        <line num="112" count="66" type="stmt"/>
        <line num="113" count="2" type="stmt"/>
        <line num="114" count="2" type="stmt"/>
        <line num="118" count="66" type="stmt"/>
        <line num="119" count="2" type="cond" truecount="4" falsecount="0"/>
        <line num="120" count="1" type="stmt"/>
        <line num="121" count="1" type="stmt"/>
        <line num="125" count="66" type="stmt"/>
        <line num="180" count="3" type="stmt"/>
      </file>
      <file name="RewardDisplay.tsx" path="/workspaces/spec-kit-lab/frontend/src/components/quest-tracking/RewardDisplay.tsx">
        <metrics statements="22" coveredstatements="20" conditionals="19" coveredconditionals="17" methods="4" coveredmethods="4"/>
        <line num="30" count="5" type="stmt"/>
        <line num="33" count="182" type="cond" truecount="4" falsecount="1"/>
        <line num="35" count="64" type="stmt"/>
        <line num="46" count="51" type="stmt"/>
        <line num="58" count="55" type="stmt"/>
        <line num="74" count="12" type="stmt"/>
        <line num="86" count="0" type="stmt"/>
        <line num="101" count="5" type="stmt"/>
        <line num="102" count="182" type="cond" truecount="4" falsecount="1"/>
        <line num="104" count="51" type="cond" truecount="2" falsecount="0"/>
        <line num="106" count="64" type="stmt"/>
        <line num="108" count="55" type="stmt"/>
        <line num="110" count="12" type="cond" truecount="2" falsecount="0"/>
        <line num="112" count="0" type="stmt"/>
        <line num="119" count="5" type="stmt"/>
        <line num="122" count="73" type="cond" truecount="4" falsecount="0"/>
        <line num="123" count="2" type="stmt"/>
        <line num="134" count="71" type="stmt"/>
        <line num="142" count="182" type="stmt"/>
        <line num="143" count="182" type="stmt"/>
        <line num="145" count="182" type="stmt"/>
        <line num="173" count="5" type="stmt"/>
      </file>
    </package>
    <package name="src.hooks">
      <metrics statements="155" coveredstatements="124" conditionals="72" coveredconditionals="52" methods="51" coveredmethods="41"/>
      <file name="useCharacterForm.ts" path="/workspaces/spec-kit-lab/frontend/src/hooks/useCharacterForm.ts">
        <metrics statements="50" coveredstatements="44" conditionals="30" coveredconditionals="26" methods="12" coveredmethods="11"/>
        <line num="28" count="4" type="stmt"/>
        <line num="91" count="356" type="stmt"/>
        <line num="94" count="356" type="stmt"/>
        <line num="107" count="356" type="stmt"/>
        <line num="109" count="356" type="stmt"/>
        <line num="110" count="356" type="stmt"/>
        <line num="114" count="356" type="cond" truecount="3" falsecount="0"/>
        <line num="117" count="1235" type="cond" truecount="2" falsecount="0"/>
        <line num="126" count="356" type="stmt"/>
        <line num="127" count="9" type="stmt"/>
        <line num="130" count="9" type="stmt"/>
        <line num="131" count="9" type="cond" truecount="2" falsecount="0"/>
        <line num="132" count="6" type="stmt"/>
        <line num="133" count="3" type="cond" truecount="2" falsecount="0"/>
        <line num="134" count="2" type="stmt"/>
        <line num="138" count="9" type="stmt"/>
        <line num="146" count="9" type="stmt"/>
        <line num="147" count="45" type="cond" truecount="3" falsecount="1"/>
        <line num="149" count="0" type="cond" truecount="0" falsecount="2"/>
        <line num="150" count="0" type="stmt"/>
        <line num="155" count="9" type="stmt"/>
        <line num="156" count="9" type="stmt"/>
        <line num="163" count="356" type="stmt"/>
        <line num="165" count="40" type="stmt"/>
        <line num="170" count="40" type="stmt"/>
        <line num="178" count="40" type="stmt"/>
        <line num="181" count="40" type="cond" truecount="1" falsecount="1"/>
        <line num="182" count="0" type="stmt"/>
        <line num="183" count="0" type="stmt"/>
        <line num="184" count="0" type="stmt"/>
        <line num="185" count="0" type="stmt"/>
        <line num="195" count="356" type="stmt"/>
        <line num="197" count="151" type="stmt"/>
        <line num="202" count="151" type="stmt"/>
        <line num="205" count="151" type="cond" truecount="4" falsecount="0"/>
        <line num="206" count="1" type="stmt"/>
        <line num="207" count="1" type="stmt"/>
        <line num="208" count="1" type="stmt"/>
        <line num="209" count="1" type="stmt"/>
        <line num="220" count="356" type="stmt"/>
        <line num="221" count="8" type="stmt"/>
        <line num="222" count="8" type="stmt"/>
        <line num="228" count="356" type="stmt"/>
        <line num="229" count="1" type="stmt"/>
        <line num="235" count="356" type="stmt"/>
        <line num="237" count="3" type="cond" truecount="2" falsecount="0"/>
        <line num="238" count="3" type="stmt"/>
        <line num="239" count="3" type="stmt"/>
        <line num="240" count="3" type="stmt"/>
        <line num="246" count="356" type="stmt"/>
      </file>
      <file name="useDiceRoll.ts" path="/workspaces/spec-kit-lab/frontend/src/hooks/useDiceRoll.ts">
        <metrics statements="29" coveredstatements="19" conditionals="3" coveredconditionals="1" methods="10" coveredmethods="5"/>
        <line num="74" count="182" type="stmt"/>
        <line num="77" count="182" type="stmt"/>
        <line num="80" count="182" type="stmt"/>
        <line num="85" count="182" type="stmt"/>
        <line num="101" count="182" type="stmt"/>
        <line num="103" count="7" type="stmt"/>
        <line num="106" count="7" type="stmt"/>
        <line num="107" count="7" type="stmt"/>
        <line num="110" count="7" type="stmt"/>
        <line num="113" count="7" type="stmt"/>
        <line num="119" count="7" type="stmt"/>
        <line num="122" count="7" type="stmt"/>
        <line num="125" count="7" type="stmt"/>
        <line num="139" count="182" type="stmt"/>
        <line num="142" count="0" type="stmt"/>
        <line num="144" count="0" type="cond" truecount="0" falsecount="2"/>
        <line num="145" count="0" type="stmt"/>
        <line num="164" count="182" type="stmt"/>
        <line num="166" count="0" type="stmt"/>
        <line num="177" count="182" type="stmt"/>
        <line num="179" count="0" type="stmt"/>
        <line num="190" count="182" type="stmt"/>
        <line num="192" count="0" type="stmt"/>
        <line num="201" count="182" type="stmt"/>
        <line num="202" count="0" type="stmt"/>
        <line num="203" count="0" type="stmt"/>
        <line num="204" count="0" type="stmt"/>
        <line num="205" count="0" type="stmt"/>
        <line num="209" count="182" type="stmt"/>
      </file>
      <file name="useFilterPersistence.ts" path="/workspaces/spec-kit-lab/frontend/src/hooks/useFilterPersistence.ts">
        <metrics statements="25" coveredstatements="11" conditionals="16" coveredconditionals="7" methods="5" coveredmethods="3"/>
        <line num="19" count="1" type="stmt"/>
        <line num="44" count="17" type="stmt"/>
        <line num="45" count="6" type="stmt"/>
        <line num="46" count="6" type="stmt"/>
        <line num="47" count="6" type="cond" truecount="2" falsecount="0"/>
        <line num="48" count="5" type="stmt"/>
        <line num="51" count="5" type="cond" truecount="1" falsecount="1"/>
        <line num="57" count="5" type="stmt"/>
        <line num="62" count="0" type="stmt"/>
        <line num="67" count="17" type="stmt"/>
        <line num="68" count="11" type="stmt"/>
        <line num="69" count="11" type="stmt"/>
        <line num="73" count="0" type="stmt"/>
        <line num="92" count="0" type="stmt"/>
        <line num="93" count="0" type="stmt"/>
        <line num="95" count="0" type="stmt"/>
        <line num="116" count="0" type="stmt"/>
        <line num="117" count="0" type="stmt"/>
        <line num="118" count="0" type="cond" truecount="0" falsecount="2"/>
        <line num="120" count="0" type="stmt"/>
        <line num="123" count="0" type="cond" truecount="0" falsecount="2"/>
        <line num="129" count="0" type="stmt"/>
        <line num="132" count="0" type="stmt"/>
        <line num="134" count="0" type="stmt"/>
        <line num="135" count="0" type="stmt"/>
      </file>
      <file name="useQuestTracking.ts" path="/workspaces/spec-kit-lab/frontend/src/hooks/useQuestTracking.ts">
        <metrics statements="51" coveredstatements="50" conditionals="23" coveredconditionals="18" methods="24" coveredmethods="22"/>
        <line num="61" count="2" type="stmt"/>
        <line num="115" count="53" type="stmt"/>
        <line num="118" count="53" type="stmt"/>
        <line num="122" count="53" type="stmt"/>
        <line num="129" count="53" type="stmt"/>
        <line num="132" count="19" type="stmt"/>
        <line num="133" count="17" type="stmt"/>
        <line num="144" count="53" type="stmt"/>
        <line num="147" count="2" type="cond" truecount="1" falsecount="1"/>
        <line num="148" count="2" type="stmt"/>
        <line num="153" count="2" type="stmt"/>
        <line num="161" count="53" type="stmt"/>
        <line num="162" count="47" type="stmt"/>
        <line num="165" count="47" type="cond" truecount="1" falsecount="1"/>
        <line num="166" count="47" type="stmt"/>
        <line num="170" count="47" type="cond" truecount="2" falsecount="0"/>
        <line num="171" count="2" type="stmt"/>
        <line num="175" count="47" type="cond" truecount="1" falsecount="1"/>
        <line num="176" count="47" type="stmt"/>
        <line num="179" count="47" type="stmt"/>
        <line num="183" count="53" type="stmt"/>
        <line num="185" count="2" type="stmt"/>
        <line num="189" count="1" type="stmt"/>
        <line num="194" count="1" type="stmt"/>
        <line num="199" count="1" type="stmt"/>
        <line num="202" count="1" type="stmt"/>
        <line num="207" count="53" type="stmt"/>
        <line num="208" count="9" type="stmt"/>
        <line num="215" count="53" type="stmt"/>
        <line num="216" count="2" type="stmt"/>
        <line num="223" count="53" type="stmt"/>
        <line num="225" count="0" type="stmt"/>
        <line num="234" count="53" type="stmt"/>
        <line num="235" count="1" type="stmt"/>
        <line num="239" count="53" type="stmt"/>
        <line num="240" count="3" type="stmt"/>
        <line num="244" count="53" type="stmt"/>
        <line num="245" count="45" type="cond" truecount="2" falsecount="0"/>
        <line num="247" count="3" type="cond" truecount="2" falsecount="0"/>
        <line num="248" count="2" type="stmt"/>
        <line num="249" count="2" type="cond" truecount="1" falsecount="1"/>
        <line num="254" count="53" type="cond" truecount="2" falsecount="0"/>
        <line num="255" count="53" type="cond" truecount="1" falsecount="1"/>
        <line num="257" count="53" type="stmt"/>
        <line num="303" count="5" type="stmt"/>
        <line num="304" count="5" type="stmt"/>
        <line num="306" count="11" type="stmt"/>
        <line num="307" count="11" type="stmt"/>
        <line num="308" count="11" type="stmt"/>
        <line num="309" count="11" type="stmt"/>
        <line num="313" count="11" type="stmt"/>
      </file>
    </package>
    <package name="src.pages">
      <metrics statements="83" coveredstatements="55" conditionals="38" coveredconditionals="21" methods="23" coveredmethods="7"/>
      <file name="CharacterCreatePage.tsx" path="/workspaces/spec-kit-lab/frontend/src/pages/CharacterCreatePage.tsx">
        <metrics statements="24" coveredstatements="15" conditionals="11" coveredconditionals="4" methods="5" coveredmethods="2"/>
        <line num="22" count="1" type="stmt"/>
        <line num="23" count="9" type="stmt"/>
        <line num="24" count="9" type="stmt"/>
        <line num="25" count="9" type="stmt"/>
        <line num="28" count="9" type="cond" truecount="2" falsecount="1"/>
        <line num="30" count="9" type="stmt"/>
        <line num="31" count="9" type="stmt"/>
        <line num="38" count="9" type="stmt"/>
        <line num="39" count="3" type="stmt"/>
        <line num="40" count="3" type="stmt"/>
        <line num="43" count="3" type="stmt"/>
        <line num="44" count="3" type="stmt"/>
        <line num="47" count="0" type="cond" truecount="0" falsecount="2"/>
        <line num="48" count="0" type="stmt"/>
        <line num="49" count="0" type="stmt"/>
        <line num="53" count="9" type="stmt"/>
        <line num="55" count="0" type="cond" truecount="0" falsecount="2"/>
        <line num="56" count="0" type="stmt"/>
        <line num="58" count="0" type="stmt"/>
        <line num="62" count="9" type="cond" truecount="1" falsecount="1"/>
        <line num="63" count="0" type="stmt"/>
        <line num="76" count="0" type="stmt"/>
        <line num="87" count="8" type="stmt"/>
        <line num="96" count="0" type="stmt"/>
      </file>
      <file name="CharacterEditPage.tsx" path="/workspaces/spec-kit-lab/frontend/src/pages/CharacterEditPage.tsx">
        <metrics statements="33" coveredstatements="24" conditionals="21" coveredconditionals="14" methods="9" coveredmethods="3"/>
        <line num="23" count="1" type="stmt"/>
        <line num="24" count="10" type="stmt"/>
        <line num="25" count="10" type="stmt"/>
        <line num="27" count="10" type="stmt"/>
        <line num="37" count="10" type="stmt"/>
        <line num="43" count="10" type="stmt"/>
        <line num="50" count="10" type="stmt"/>
        <line num="51" count="3" type="stmt"/>
        <line num="53" count="3" type="stmt"/>
        <line num="56" count="1" type="stmt"/>
        <line num="57" count="1" type="stmt"/>
        <line num="60" count="1" type="cond" truecount="1" falsecount="1"/>
        <line num="61" count="1" type="stmt"/>
        <line num="62" count="1" type="stmt"/>
        <line num="69" count="10" type="stmt"/>
        <line num="71" count="1" type="stmt"/>
        <line num="77" count="10" type="cond" truecount="1" falsecount="1"/>
        <line num="78" count="0" type="stmt"/>
        <line num="90" count="0" type="stmt"/>
        <line num="102" count="10" type="cond" truecount="2" falsecount="0"/>
        <line num="103" count="1" type="stmt"/>
        <line num="116" count="9" type="cond" truecount="2" falsecount="0"/>
        <line num="121" count="1" type="stmt"/>
        <line num="134" count="0" type="stmt"/>
        <line num="146" count="8" type="cond" truecount="1" falsecount="1"/>
        <line num="147" count="0" type="stmt"/>
        <line num="161" count="0" type="stmt"/>
        <line num="173" count="8" type="cond" truecount="1" falsecount="1"/>
        <line num="174" count="0" type="stmt"/>
        <line num="186" count="0" type="stmt"/>
        <line num="198" count="8" type="stmt"/>
        <line num="207" count="0" type="stmt"/>
        <line num="214" count="0" type="stmt"/>
      </file>
      <file name="CharacterListPage.tsx" path="/workspaces/spec-kit-lab/frontend/src/pages/CharacterListPage.tsx">
        <metrics statements="14" coveredstatements="8" conditionals="5" coveredconditionals="2" methods="4" coveredmethods="1"/>
        <line num="21" count="1" type="stmt"/>
        <line num="22" count="16" type="stmt"/>
        <line num="23" count="16" type="stmt"/>
        <line num="29" count="16" type="stmt"/>
        <line num="31" count="16" type="stmt"/>
        <line num="33" count="16" type="stmt"/>
        <line num="34" count="0" type="stmt"/>
        <line num="36" count="0" type="stmt"/>
        <line num="40" count="0" type="cond" truecount="0" falsecount="2"/>
        <line num="41" count="0" type="stmt"/>
        <line num="42" count="0" type="stmt"/>
        <line num="47" count="16" type="cond" truecount="1" falsecount="1"/>
        <line num="48" count="0" type="stmt"/>
        <line num="64" count="16" type="stmt"/>
      </file>
      <file name="CharacterSelectPage.tsx" path="/workspaces/spec-kit-lab/frontend/src/pages/CharacterSelectPage.tsx">
        <metrics statements="12" coveredstatements="8" conditionals="1" coveredconditionals="1" methods="5" coveredmethods="1"/>
        <line num="32" count="1" type="stmt"/>
        <line num="34" count="2" type="stmt"/>
        <line num="35" count="2" type="stmt"/>
        <line num="43" count="2" type="stmt"/>
        <line num="46" count="2" type="stmt"/>
        <line num="49" count="0" type="stmt"/>
        <line num="55" count="2" type="stmt"/>
        <line num="58" count="0" type="stmt"/>
        <line num="67" count="2" type="stmt"/>
        <line num="68" count="0" type="stmt"/>
        <line num="71" count="2" type="stmt"/>
        <line num="78" count="0" type="stmt"/>
      </file>
    </package>
    <package name="src.services">
      <metrics statements="165" coveredstatements="120" conditionals="110" coveredconditionals="82" methods="44" coveredmethods="28"/>
      <file name="attributeCalculator.ts" path="/workspaces/spec-kit-lab/frontend/src/services/attributeCalculator.ts">
        <metrics statements="27" coveredstatements="27" conditionals="15" coveredconditionals="15" methods="9" coveredmethods="9"/>
        <line num="35" count="1336" type="cond" truecount="2" falsecount="0"/>
        <line num="40" count="8" type="stmt"/>
        <line num="46" count="1328" type="stmt"/>
        <line num="69" count="5" type="stmt"/>
        <line num="71" count="5" type="stmt"/>
        <line num="72" count="12" type="cond" truecount="4" falsecount="0"/>
        <line num="73" count="10" type="stmt"/>
        <line num="77" count="4" type="stmt"/>
        <line num="99" count="1370" type="cond" truecount="2" falsecount="0"/>
        <line num="100" count="1315" type="stmt"/>
        <line num="102" count="55" type="stmt"/>
        <line num="109" count="5" type="stmt"/>
        <line num="144" count="7" type="stmt"/>
        <line num="145" count="7" type="cond" truecount="2" falsecount="0"/>
        <line num="146" count="2" type="stmt"/>
        <line num="150" count="5" type="stmt"/>
        <line num="167" count="12" type="stmt"/>
        <line num="185" count="3" type="stmt"/>
        <line num="187" count="15" type="stmt"/>
        <line num="188" count="15" type="stmt"/>
        <line num="189" count="15" type="stmt"/>
        <line num="208" count="6" type="stmt"/>
        <line num="209" count="6" type="stmt"/>
        <line num="210" count="30" type="stmt"/>
        <line num="211" count="30" type="cond" truecount="2" falsecount="0"/>
        <line num="212" count="11" type="stmt"/>
        <line num="215" count="6" type="stmt"/>
      </file>
      <file name="characterApi.ts" path="/workspaces/spec-kit-lab/frontend/src/services/characterApi.ts">
        <metrics statements="56" coveredstatements="14" conditionals="24" coveredconditionals="2" methods="22" coveredmethods="6"/>
        <line num="28" count="3" type="cond" truecount="1" falsecount="1"/>
        <line num="30" count="3" type="stmt"/>
        <line num="32" count="0" type="stmt"/>
        <line num="33" count="0" type="stmt"/>
        <line num="34" count="0" type="stmt"/>
        <line num="36" count="0" type="stmt"/>
        <line num="69" count="3" type="stmt"/>
        <line num="78" count="3" type="cond" truecount="1" falsecount="1"/>
        <line num="79" count="0" type="stmt"/>
        <line num="80" count="0" type="cond" truecount="0" falsecount="2"/>
        <line num="83" count="3" type="stmt"/>
        <line num="99" count="0" type="stmt"/>
        <line num="103" count="0" type="cond" truecount="0" falsecount="2"/>
        <line num="104" count="0" type="cond" truecount="0" falsecount="2"/>
        <line num="105" count="0" type="stmt"/>
        <line num="107" count="0" type="stmt"/>
        <line num="110" count="0" type="stmt"/>
        <line num="134" count="0" type="stmt"/>
        <line num="143" count="0" type="cond" truecount="0" falsecount="2"/>
        <line num="144" count="0" type="cond" truecount="0" falsecount="2"/>
        <line num="145" count="0" type="stmt"/>
        <line num="147" count="0" type="stmt"/>
        <line num="148" count="0" type="cond" truecount="0" falsecount="2"/>
        <line num="151" count="0" type="stmt"/>
        <line num="168" count="0" type="stmt"/>
        <line num="175" count="0" type="cond" truecount="0" falsecount="2"/>
        <line num="176" count="0" type="cond" truecount="0" falsecount="2"/>
        <line num="177" count="0" type="stmt"/>
        <line num="179" count="0" type="stmt"/>
        <line num="199" count="0" type="stmt"/>
        <line num="203" count="0" type="cond" truecount="0" falsecount="2"/>
        <line num="204" count="0" type="cond" truecount="0" falsecount="2"/>
        <line num="205" count="0" type="stmt"/>
        <line num="207" count="0" type="stmt"/>
        <line num="210" count="0" type="stmt"/>
        <line num="223" count="3" type="stmt"/>
        <line num="249" count="0" type="stmt"/>
        <line num="251" count="0" type="stmt"/>
        <line num="282" count="8" type="stmt"/>
        <line num="284" count="8" type="stmt"/>
        <line num="285" count="3" type="stmt"/>
        <line num="288" count="3" type="stmt"/>
        <line num="289" count="3" type="stmt"/>
        <line num="317" count="1" type="stmt"/>
        <line num="319" count="1" type="stmt"/>
        <line num="321" count="0" type="stmt"/>
        <line num="324" count="0" type="stmt"/>
        <line num="328" count="0" type="stmt"/>
        <line num="329" count="0" type="stmt"/>
        <line num="356" count="0" type="stmt"/>
        <line num="358" count="0" type="stmt"/>
        <line num="359" count="0" type="stmt"/>
        <line num="362" count="0" type="stmt"/>
        <line num="363" count="0" type="stmt"/>
        <line num="392" count="2" type="stmt"/>
        <line num="394" count="0" type="stmt"/>
      </file>
      <file name="diceRoller.ts" path="/workspaces/spec-kit-lab/frontend/src/services/diceRoller.ts">
        <metrics statements="38" coveredstatements="38" conditionals="35" coveredconditionals="35" methods="6" coveredmethods="6"/>
        <line num="24" count="10168" type="stmt"/>
        <line num="58" count="2542" type="stmt"/>
        <line num="66" count="2542" type="stmt"/>
        <line num="67" count="2542" type="stmt"/>
        <line num="69" count="2542" type="stmt"/>
        <line num="70" count="7626" type="cond" truecount="2" falsecount="0"/>
        <line num="71" count="2096" type="stmt"/>
        <line num="72" count="2096" type="stmt"/>
        <line num="77" count="2542" type="stmt"/>
        <line num="78" count="2542" type="stmt"/>
        <line num="79" count="10168" type="cond" truecount="2" falsecount="0"/>
        <line num="80" count="7626" type="stmt"/>
        <line num="84" count="2542" type="stmt"/>
        <line num="110" count="7" type="stmt"/>
        <line num="111" count="7" type="stmt"/>
        <line num="112" count="30" type="stmt"/>
        <line num="114" count="7" type="stmt"/>
        <line num="141" count="12" type="cond" truecount="4" falsecount="0"/>
        <line num="142" count="4" type="stmt"/>
        <line num="146" count="8" type="stmt"/>
        <line num="147" count="25" type="cond" truecount="5" falsecount="0"/>
        <line num="148" count="3" type="stmt"/>
        <line num="153" count="5" type="cond" truecount="5" falsecount="0"/>
        <line num="154" count="2" type="stmt"/>
        <line num="158" count="3" type="stmt"/>
        <line num="159" count="3" type="stmt"/>
        <line num="160" count="12" type="cond" truecount="2" falsecount="0"/>
        <line num="161" count="9" type="stmt"/>
        <line num="165" count="3" type="stmt"/>
        <line num="188" count="57" type="stmt"/>
        <line num="207" count="57" type="cond" truecount="2" falsecount="0"/>
        <line num="226" count="18" type="cond" truecount="2" falsecount="0"/>
        <line num="227" count="15" type="cond" truecount="2" falsecount="0"/>
        <line num="228" count="13" type="cond" truecount="2" falsecount="0"/>
        <line num="229" count="11" type="cond" truecount="2" falsecount="0"/>
        <line num="230" count="8" type="cond" truecount="2" falsecount="0"/>
        <line num="231" count="6" type="cond" truecount="2" falsecount="0"/>
        <line num="232" count="3" type="stmt"/>
      </file>
      <file name="questService.ts" path="/workspaces/spec-kit-lab/frontend/src/services/questService.ts">
        <metrics statements="44" coveredstatements="41" conditionals="36" coveredconditionals="30" methods="7" coveredmethods="7"/>
        <line num="12" count="1" type="stmt"/>
        <line num="22" count="1" type="stmt"/>
        <line num="37" count="3" type="stmt"/>
        <line num="38" count="3" type="cond" truecount="2" falsecount="0"/>
        <line num="39" count="2" type="stmt"/>
        <line num="40" count="3" type="cond" truecount="2" falsecount="0"/>
        <line num="41" count="2" type="stmt"/>
        <line num="42" count="3" type="cond" truecount="2" falsecount="0"/>
        <line num="44" count="3" type="stmt"/>
        <line num="48" count="3" type="cond" truecount="2" falsecount="0"/>
        <line num="49" count="1" type="stmt"/>
        <line num="52" count="2" type="stmt"/>
        <line num="69" count="3" type="stmt"/>
        <line num="73" count="3" type="cond" truecount="2" falsecount="0"/>
        <line num="74" count="1" type="stmt"/>
        <line num="77" count="2" type="stmt"/>
        <line num="96" count="3" type="cond" truecount="2" falsecount="0"/>
        <line num="97" count="3" type="stmt"/>
        <line num="101" count="3" type="cond" truecount="2" falsecount="0"/>
        <line num="102" count="1" type="stmt"/>
        <line num="105" count="2" type="stmt"/>
        <line num="124" count="3" type="stmt"/>
        <line num="125" count="3" type="stmt"/>
        <line num="136" count="3" type="cond" truecount="2" falsecount="0"/>
        <line num="137" count="2" type="stmt"/>
        <line num="140" count="1" type="stmt"/>
        <line num="159" count="3" type="stmt"/>
        <line num="160" count="3" type="stmt"/>
        <line num="171" count="3" type="cond" truecount="2" falsecount="0"/>
        <line num="172" count="2" type="stmt"/>
        <line num="194" count="3" type="cond" truecount="2" falsecount="0"/>
        <line num="195" count="3" type="stmt"/>
        <line num="199" count="3" type="cond" truecount="2" falsecount="0"/>
        <line num="200" count="1" type="stmt"/>
        <line num="205" count="2" type="stmt"/>
        <line num="225" count="6" type="cond" truecount="2" falsecount="0"/>
        <line num="227" count="2" type="cond" truecount="1" falsecount="1"/>
        <line num="228" count="0" type="stmt"/>
        <line num="232" count="0" type="cond" truecount="0" falsecount="5"/>
        <line num="233" count="0" type="stmt"/>
        <line num="238" count="2" type="stmt"/>
        <line num="242" count="4" type="cond" truecount="5" falsecount="0"/>
        <line num="243" count="1" type="stmt"/>
        <line num="247" count="3" type="stmt"/>
      </file>
    </package>
    <package name="src.types">
      <metrics statements="23" coveredstatements="13" conditionals="22" coveredconditionals="5" methods="13" coveredmethods="6"/>
      <file name="character.ts" path="/workspaces/spec-kit-lab/frontend/src/types/character.ts">
        <metrics statements="5" coveredstatements="5" conditionals="0" coveredconditionals="0" methods="0" coveredmethods="0"/>
        <line num="174" count="9" type="stmt"/>
        <line num="191" count="9" type="stmt"/>
        <line num="203" count="9" type="stmt"/>
        <line num="214" count="9" type="stmt"/>
        <line num="222" count="9" type="stmt"/>
      </file>
      <file name="quest.ts" path="/workspaces/spec-kit-lab/frontend/src/types/quest.ts">
        <metrics statements="18" coveredstatements="8" conditionals="22" coveredconditionals="5" methods="13" coveredmethods="6"/>
        <line num="221" count="0" type="stmt"/>
        <line num="233" count="0" type="cond" truecount="0" falsecount="3"/>
        <line num="242" count="0" type="stmt"/>
        <line num="254" count="0" type="cond" truecount="0" falsecount="2"/>
        <line num="255" count="0" type="stmt"/>
        <line num="256" count="0" type="stmt"/>
        <line num="266" count="47" type="stmt"/>
        <line num="268" count="47" type="cond" truecount="1" falsecount="3"/>
        <line num="270" count="47" type="stmt"/>
        <line num="272" count="0" type="stmt"/>
        <line num="274" count="0" type="stmt"/>
        <line num="276" count="0" type="stmt"/>
        <line num="279" count="0" type="stmt"/>
        <line num="290" count="47" type="cond" truecount="1" falsecount="1"/>
        <line num="291" count="53" type="stmt"/>
        <line num="301" count="2" type="stmt"/>
        <line num="302" count="2" type="stmt"/>
        <line num="304" count="3" type="cond" truecount="2" falsecount="0"/>
      </file>
    </package>
    <package name="src.utils">
      <metrics statements="38" coveredstatements="36" conditionals="22" coveredconditionals="18" methods="10" coveredmethods="10"/>
      <file name="pointBuy.ts" path="/workspaces/spec-kit-lab/frontend/src/utils/pointBuy.ts">
        <metrics statements="38" coveredstatements="36" conditionals="22" coveredconditionals="18" methods="10" coveredmethods="10"/>
        <line num="33" count="26" type="stmt"/>
        <line num="35" count="26" type="stmt"/>
        <line num="36" count="130" type="stmt"/>
        <line num="37" count="130" type="cond" truecount="1" falsecount="1"/>
        <line num="38" count="130" type="stmt"/>
        <line num="42" count="26" type="stmt"/>
        <line num="59" count="4" type="stmt"/>
        <line num="75" count="10" type="stmt"/>
        <line num="96" count="9" type="cond" truecount="2" falsecount="0"/>
        <line num="97" count="3" type="stmt"/>
        <line num="100" count="6" type="stmt"/>
        <line num="101" count="6" type="stmt"/>
        <line num="102" count="6" type="stmt"/>
        <line num="104" count="6" type="cond" truecount="3" falsecount="1"/>
        <line num="105" count="0" type="stmt"/>
        <line num="108" count="6" type="stmt"/>
        <line num="128" count="6" type="cond" truecount="2" falsecount="0"/>
        <line num="129" count="1" type="stmt"/>
        <line num="132" count="5" type="stmt"/>
        <line num="133" count="5" type="stmt"/>
        <line num="134" count="5" type="stmt"/>
        <line num="136" count="5" type="cond" truecount="4" falsecount="0"/>
        <line num="137" count="2" type="stmt"/>
        <line num="140" count="3" type="stmt"/>
        <line num="158" count="9" type="stmt"/>
        <line num="186" count="6" type="stmt"/>
        <line num="187" count="22" type="cond" truecount="2" falsecount="0"/>
        <line num="191" count="2" type="stmt"/>
        <line num="199" count="4" type="stmt"/>
        <line num="202" count="4" type="cond" truecount="1" falsecount="1"/>
        <line num="203" count="0" type="stmt"/>
        <line num="210" count="4" type="stmt"/>
        <line num="230" count="7" type="stmt"/>
        <line num="308" count="4" type="stmt"/>
        <line num="310" count="4" type="stmt"/>
        <line num="311" count="20" type="cond" truecount="1" falsecount="1"/>
        <line num="312" count="20" type="stmt"/>
        <line num="315" count="32" type="stmt"/>
      </file>
    </package>
    <package name="tests.fixtures">
      <metrics statements="11" coveredstatements="11" conditionals="0" coveredconditionals="0" methods="0" coveredmethods="0"/>
      <file name="quest-fixtures.ts" path="/workspaces/spec-kit-lab/frontend/tests/fixtures/quest-fixtures.ts">
        <metrics statements="11" coveredstatements="11" conditionals="0" coveredconditionals="0" methods="0" coveredmethods="0"/>
        <line num="20" count="9" type="stmt"/>
        <line num="33" count="9" type="stmt"/>
        <line num="46" count="9" type="stmt"/>
        <line num="58" count="9" type="stmt"/>
        <line num="98" count="9" type="stmt"/>
        <line num="135" count="9" type="stmt"/>
        <line num="163" count="9" type="stmt"/>
        <line num="230" count="9" type="stmt"/>
        <line num="238" count="9" type="stmt"/>
        <line num="248" count="9" type="stmt"/>
        <line num="260" count="9" type="stmt"/>
      </file>
    </package>
  </project>
</coverage>
